This is pdfTeX, Version 3.141592653-2.6-1.40.25 (TeX Live 2023/Debian) (preloaded format=pdflatex 2025.3.26)  26 MAR 2025 10:37
entering extended mode
 restricted \write18 enabled.
 %&-line parsing enabled.
**"Preparation of Papers for AIAA Technical Conferences/main.tex"
(./Preparation of Papers for AIAA Technical Conferences/main.tex
LaTeX2e <2023-11-01> patch level 1
L3 programming layer <2024-01-22>

! LaTeX Error: File `new-aiaa.cls' not found.

Type X to quit or <RETURN> to proceed,
or enter new name. (Default extension: cls)

Enter file name: main.pdf

! LaTeX Error: File `main.pdf' not found.

Type X to quit or <RETURN> to proceed,
or enter new name. (Default extension: pdf)

Enter file name: 
! Interruption.
<to be read again> 
                   }
l.3 \usepackage
               [utf8]{inputenc}^^M
? exit
 
Here is how much of TeX's memory you used:
 24 strings out of 476182
 647 string characters out of 5795595
 1922975 words of memory out of 5000000
 22124 multiletter control sequences out of 15000+600000
 558069 words of font info for 36 fonts, out of 8000000 for 9000
 14 hyphenation exceptions out of 8191
 22i,0n,32p,126b,18s stack positions out of 10000i,1000n,20000p,200000b,200000s
No pages of output.
PDF statistics:
 0 PDF objects out of 1000 (max. 8388607)
 0 named destinations out of 1000 (max. 500000)
 1 words of extra memory for PDF output out of 10000 (max. 10000000)

